<?xml version="1.0" encoding="UTF-8"?>
<!-- Generated by org.testng.reporters.JUnitXMLReporter -->
<testsuite ignored="0" hostname="DESKTOP-KIBBHJ3" failures="0" tests="7" name="mytests" time="57.077" errors="0" timestamp="2025-08-29T15:32:17 IST">
  <testcase classname="day42.ORGHrmTest" name="openapp" time="42.252"/>
  <testcase classname="day42.ORGHrmTest" name="testLogo" time="3.181"/>
  <testcase classname="day42.ORGHrmTest" name="testLogin" time="2.701"/>
  <testcase classname="day42.ORGHrmTest" name="closeApp" time="7.595"/>
  <testcase classname="day42.FirstTestcase" name="openapp" time="0.016"/>
  <testcase classname="day42.FirstTestcase" name="login" time="0.013"/>
  <testcase classname="day42.FirstTestcase" name="logout" time="0.021"/>
</testsuite> <!-- mytests -->
