<?xml version="1.0" encoding="UTF-8"?>
<testng-results ignored="0" total="7" passed="7" failed="0" skipped="0">
  <reporter-output>
  </reporter-output>
  <suite started-at="2025-08-29T15:31:20 IST" name="mysuite" finished-at="2025-08-29T15:32:17 IST" duration-ms="57077">
    <groups>
    </groups>
    <test started-at="2025-08-29T15:31:20 IST" name="mytests" finished-at="2025-08-29T15:32:17 IST" duration-ms="57077">
      <class name="day42.ORGHrmTest">
        <test-method signature="openapp()[pri:1, instance:day42.ORGHrmTest@65e61854]" started-at="2025-08-29T15:31:21 IST" name="openapp" finished-at="2025-08-29T15:32:03 IST" duration-ms="42252" status="PASS">
          <reporter-output>
          </reporter-output>
        </test-method> <!-- openapp -->
        <test-method signature="testLogo()[pri:2, instance:day42.ORGHrmTest@65e61854]" started-at="2025-08-29T15:32:03 IST" name="testLogo" finished-at="2025-08-29T15:32:06 IST" duration-ms="3181" status="PASS">
          <reporter-output>
          </reporter-output>
        </test-method> <!-- testLogo -->
        <test-method signature="testLogin()[pri:3, instance:day42.ORGHrmTest@65e61854]" started-at="2025-08-29T15:32:06 IST" name="testLogin" finished-at="2025-08-29T15:32:09 IST" duration-ms="2701" status="PASS">
          <reporter-output>
          </reporter-output>
        </test-method> <!-- testLogin -->
        <test-method signature="closeApp()[pri:4, instance:day42.ORGHrmTest@65e61854]" started-at="2025-08-29T15:32:09 IST" name="closeApp" finished-at="2025-08-29T15:32:17 IST" duration-ms="7595" status="PASS">
          <reporter-output>
          </reporter-output>
        </test-method> <!-- closeApp -->
      </class> <!-- day42.ORGHrmTest -->
      <class name="day42.FirstTestcase">
        <test-method signature="openapp()[pri:-1, instance:day42.FirstTestcase@6e521c1e]" started-at="2025-08-29T15:32:17 IST" name="openapp" finished-at="2025-08-29T15:32:17 IST" duration-ms="16" status="PASS">
          <reporter-output>
          </reporter-output>
        </test-method> <!-- openapp -->
        <test-method signature="login()[pri:0, instance:day42.FirstTestcase@6e521c1e]" started-at="2025-08-29T15:32:17 IST" name="login" finished-at="2025-08-29T15:32:17 IST" duration-ms="13" status="PASS">
          <reporter-output>
          </reporter-output>
        </test-method> <!-- login -->
        <test-method signature="logout()[pri:1, instance:day42.FirstTestcase@6e521c1e]" started-at="2025-08-29T15:32:17 IST" name="logout" finished-at="2025-08-29T15:32:17 IST" duration-ms="21" status="PASS">
          <reporter-output>
          </reporter-output>
        </test-method> <!-- logout -->
      </class> <!-- day42.FirstTestcase -->
    </test> <!-- mytests -->
  </suite> <!-- mysuite -->
</testng-results>
