<?xml version="1.0" encoding="UTF-8"?>
<!-- Generated by org.testng.reporters.JUnitReportReporter -->
<testsuite hostname="DESKTOP-KIBBHJ3" failures="0" tests="4" name="day42.ORGHrmTest" time="55.729" errors="0" timestamp="2025-08-29T15:32:18 IST" skipped="0">
  <testcase classname="day42.ORGHrmTest" name="openapp" time="42.252"/>
  <testcase classname="day42.ORGHrmTest" name="testLogo" time="3.181"/>
  <testcase classname="day42.ORGHrmTest" name="testLogin" time="2.701"/>
  <testcase classname="day42.ORGHrmTest" name="closeApp" time="7.595"/>
</testsuite> <!-- day42.ORGHrmTest -->
