<?xml version="1.0" encoding="UTF-8"?>
<!-- Generated by org.testng.reporters.JUnitReportReporter -->
<testsuite hostname="DESKTOP-KIBBHJ3" failures="0" tests="3" name="day42.FirstTestcase" time="0.050" errors="0" timestamp="2025-08-29T15:32:18 IST" skipped="0">
  <testcase classname="day42.FirstTestcase" name="openapp" time="0.016"/>
  <testcase classname="day42.FirstTestcase" name="login" time="0.013"/>
  <testcase classname="day42.FirstTestcase" name="logout" time="0.021"/>
</testsuite> <!-- day42.FirstTestcase -->
